[2021-11-16 00:03:05] [ INFO ] [MainController:68] Nuevo carrito
[2021-11-16 00:03:16] [ INFO ] [MainController:68] Nuevo carrito
[2021-11-16 01:28:35] [ INFO ] [MainController:68] Nuevo carrito
[2021-11-16 02:01:35] [ INFO ] [MainController:68] Nuevo carrito
[2021-11-16 02:08:51] [ INFO ] [MainController:68] Nuevo carrito
[2021-11-16 02:21:55] [ INFO ] [MainController:68] Nuevo carrito
[2021-11-16 02:23:31] [ INFO ] [MainController:68] Nuevo carrito
[2021-11-16 02:24:49] [ INFO ] [MainController:68] Nuevo carrito
[2021-11-16 02:28:03] [ INFO ] [MainController:68] Nuevo carrito
[2021-11-16 02:28:18] [ INFO ] [MainController:68] Nuevo carrito
[2021-11-16 02:42:44] [ INFO ] [MainController:68] Nuevo carrito
[2021-11-16 02:43:27] [ INFO ] [MainController:68] Nuevo carrito
[2021-11-16 02:44:51] [ INFO ] [MainController:68] Nuevo carrito
[2021-11-16 02:47:21] [ INFO ] [MainController:68] Nuevo carrito
[2021-11-16 02:49:53] [ INFO ] [MainController:68] Nuevo carrito
[2021-11-16 02:50:02] [ INFO ] [MainController:68] Nuevo carrito
[2021-11-16 02:51:55] [ INFO ] [MainController:68] Nuevo carrito
[2021-11-16 10:19:27] [ INFO ] [MainController:68] Nuevo carrito
[2021-11-16 10:20:55] [ INFO ] [MainController:68] Nuevo carrito
[2021-11-16 10:27:55] [ INFO ] [MainController:73] Nuevo carrito
[2021-11-16 10:28:10] [ INFO ] [MainController:73] Nuevo carrito
[2021-11-16 10:33:40] [ INFO ] [MainController:73] Nuevo carrito
[2021-11-16 10:33:42] [ INFO ] [MainController:73] Nuevo carrito
[2021-11-16 10:39:17] [ INFO ] [MainController:73] Nuevo carrito
[2021-11-16 10:46:57] [ INFO ] [MainController:73] Nuevo carrito
[2021-11-16 10:49:49] [ INFO ] [MainController:73] Nuevo carrito
[2021-11-16 10:50:31] [ INFO ] [MainController:73] Nuevo carrito
[2021-11-16 10:50:56] [ INFO ] [MainController:73] Nuevo carrito
[2021-11-16 10:53:32] [ INFO ] [MainController:73] Nuevo carrito
[2021-11-16 10:55:37] [ INFO ] [MainController:73] Nuevo carrito
[2021-11-16 10:59:16] [ INFO ] [MainController:73] Nuevo carrito
[2021-11-16 10:59:56] [ INFO ] [MainController:73] Nuevo carrito
[2021-11-16 11:03:14] [ INFO ] [MainController:73] Nuevo carrito
[2021-11-16 11:04:06] [ INFO ] [MainController:73] Nuevo carrito
[2021-11-16 11:21:53] [ INFO ] [MainController:73] Nuevo carrito
[2021-11-16 11:21:55] [ INFO ] [MainController:73] Nuevo carrito
[2021-11-16 11:23:04] [ INFO ] [MainController:73] Nuevo carrito
[2021-11-16 11:23:30] [ INFO ] [MainController:73] Nuevo carrito
[2021-11-16 11:23:50] [ INFO ] [MainController:73] Nuevo carrito
[2021-11-16 11:29:05] [ INFO ] [MainController:73] Nuevo carrito
[2021-11-16 11:29:55] [ INFO ] [MainController:73] Nuevo carrito
[2021-11-16 11:30:00] [ INFO ] [MainController:73] Nuevo carrito
[2021-11-16 11:30:10] [ INFO ] [MainController:73] Nuevo carrito
[2021-11-16 11:30:19] [ INFO ] [MainController:73] Nuevo carrito
[2021-11-16 11:32:09] [ INFO ] [MainController:73] Nuevo carrito
[2021-11-16 11:32:18] [ INFO ] [MainController:73] Nuevo carrito
[2021-11-16 11:32:40] [ INFO ] [MainController:73] Nuevo carrito
[2021-11-16 11:33:39] [ INFO ] [MainController:73] Nuevo carrito
[2021-11-16 11:33:56] [ INFO ] [MainController:73] Nuevo carrito
[2021-11-16 11:34:02] [ INFO ] [MainController:73] Nuevo carrito
[2021-11-16 11:34:07] [ INFO ] [MainController:73] Nuevo carrito
[2021-11-16 11:34:12] [ INFO ] [MainController:73] Nuevo carrito
[2021-11-16 11:34:17] [ INFO ] [MainController:73] Nuevo carrito
[2021-11-16 11:34:21] [ INFO ] [MainController:73] Nuevo carrito
[2021-11-16 11:34:34] [ INFO ] [MainController:73] Nuevo carrito
[2021-11-16 11:34:41] [ INFO ] [MainController:73] Nuevo carrito
[2021-11-16 11:34:49] [ INFO ] [MainController:73] Nuevo carrito
[2021-11-16 11:34:57] [ INFO ] [MainController:73] Nuevo carrito
[2021-11-16 11:35:07] [ INFO ] [MainController:73] Nuevo carrito
[2021-11-16 11:35:13] [ INFO ] [MainController:73] Nuevo carrito
[2021-11-16 11:35:25] [ INFO ] [MainController:73] Nuevo carrito
[2021-11-16 11:35:30] [ INFO ] [MainController:73] Nuevo carrito
[2021-11-16 11:35:40] [ INFO ] [MainController:73] Nuevo carrito
[2021-11-16 11:36:34] [ INFO ] [MainController:73] Nuevo carrito
[2021-11-16 11:36:44] [ INFO ] [MainController:73] Nuevo carrito
[2021-11-16 11:37:19] [ ERROR] [ProductosService:209] java.lang.NullPointerExceptionError Exportar Excel
[2021-11-16 11:40:10] [ INFO ] [MainController:73] Nuevo carrito
[2021-11-16 11:40:28] [ INFO ] [MainController:73] Nuevo carrito
[2021-11-16 11:57:54] [ INFO ] [MainController:73] Nuevo carrito
[2021-11-16 13:03:21] [ INFO ] [MainController:73] Nuevo carrito
[2021-11-16 13:03:29] [ INFO ] [MainController:73] Nuevo carrito
[2021-11-16 13:04:34] [ INFO ] [MainController:73] Nuevo carrito
[2021-11-16 13:04:52] [ INFO ] [MainController:73] Nuevo carrito
[2021-11-16 13:06:00] [ INFO ] [MainController:73] Nuevo carrito
[2021-11-16 13:07:12] [ INFO ] [MainController:73] Nuevo carrito
[2021-11-16 13:07:34] [ INFO ] [MainController:73] Nuevo carrito
[2021-11-16 13:09:24] [ INFO ] [MainController:73] Nuevo carrito
[2021-11-16 13:10:18] [ INFO ] [MainController:73] Nuevo carrito
[2021-11-16 13:10:54] [ INFO ] [MainController:73] Nuevo carrito
[2021-11-16 13:11:05] [ INFO ] [MainController:73] Nuevo carrito
[2021-11-16 13:13:14] [ INFO ] [ProductosController:35] Lista pedidos pendiente, cambio de estado correctamente
[2021-11-16 13:13:14] [ INFO ] [ProductosController:35] Lista pedidos pendiente, cambio de estado correctamente
[2021-11-16 13:14:41] [ INFO ] [MainController:73] Nuevo carrito
[2021-11-16 13:15:01] [ INFO ] [MainController:73] Nuevo carrito
[2021-11-16 13:17:34] [ INFO ] [MainController:73] Nuevo carrito
[2021-11-16 13:17:41] [ INFO ] [MainController:73] Nuevo carrito
[2021-11-16 13:17:53] [ INFO ] [MainController:73] Nuevo carrito
[2021-11-16 13:18:01] [ ERROR] [ProductosService:209] java.lang.NullPointerExceptionError Exportar Excel
[2021-11-16 13:22:07] [ INFO ] [MainController:73] Nuevo carrito
[2021-11-16 13:37:35] [ INFO ] [MainController:73] Nuevo carrito
[2021-11-16 13:37:48] [ ERROR] [ProductosService:209] java.lang.NullPointerExceptionError Exportar Excel
[2021-11-17 11:52:49] [ INFO ] [MainController:73] Nuevo carrito
[2021-11-17 11:53:03] [ INFO ] [MainController:73] Nuevo carrito
[2021-11-17 12:00:34] [ INFO ] [MainController:73] Nuevo carrito
[2021-11-17 12:01:00] [ INFO ] [MainController:73] Nuevo carrito
[2021-11-17 12:03:27] [ INFO ] [MainController:73] Nuevo carrito
[2021-11-17 12:09:58] [ INFO ] [MainController:73] Nuevo carrito
[2021-11-17 12:45:41] [ INFO ] [MainController:73] Nuevo carrito
[2021-11-17 12:49:36] [ INFO ] [MainController:73] Nuevo carrito
[2021-11-17 13:01:29] [ INFO ] [MainController:73] Nuevo carrito
[2021-11-17 13:01:32] [ INFO ] [MainController:73] Nuevo carrito
[2021-11-17 13:01:35] [ INFO ] [MainController:73] Nuevo carrito
[2021-11-17 13:01:47] [ INFO ] [MainController:73] Nuevo carrito
[2021-11-17 17:46:37] [ INFO ] [MainController:73] Nuevo carrito
[2021-11-17 17:47:29] [ INFO ] [MainController:73] Nuevo carrito
[2021-11-17 17:49:16] [ INFO ] [MainController:73] Nuevo carrito
[2021-11-17 17:51:17] [ INFO ] [MainController:73] Nuevo carrito
[2021-11-17 17:51:30] [ INFO ] [MainController:73] Nuevo carrito
[2021-11-17 17:56:37] [ INFO ] [ProductosController:35] Lista pedidos pendiente, cambio de estado correctamente
[2021-11-17 17:56:37] [ INFO ] [ProductosController:35] Lista pedidos pendiente, cambio de estado correctamente
[2021-11-17 18:11:10] [ INFO ] [MainController:73] Nuevo carrito
[2021-11-17 18:13:19] [ INFO ] [MainController:73] Nuevo carrito
[2021-11-17 18:13:41] [ INFO ] [MainController:73] Nuevo carrito
[2021-11-17 18:15:16] [ INFO ] [MainController:73] Nuevo carrito
[2021-11-17 21:22:16] [ INFO ] [MainController:73] Nuevo carrito
[2021-11-17 21:25:08] [ INFO ] [MainController:73] Nuevo carrito
[2021-11-17 21:25:20] [ INFO ] [MainController:73] Nuevo carrito
[2021-11-17 23:02:46] [ INFO ] [MainController:73] Nuevo carrito
[2021-11-17 23:16:36] [ INFO ] [MainController:73] Nuevo carrito
[2021-11-17 23:16:58] [ INFO ] [MainController:73] Nuevo carrito
[2021-11-17 23:17:11] [ INFO ] [MainController:73] Nuevo carrito
[2021-11-17 23:17:57] [ INFO ] [ProductosController:35] Lista pedidos pendiente, cambio de estado correctamente
[2021-11-17 23:33:31] [ INFO ] [MainController:73] Nuevo carrito
[2021-11-17 23:37:44] [ INFO ] [MainController:73] Nuevo carrito
[2021-11-18 00:17:56] [ INFO ] [MainController:73] Nuevo carrito
[2021-11-18 00:28:00] [ INFO ] [MainController:73] Nuevo carrito
[2021-11-18 00:55:08] [ INFO ] [MainController:73] Nuevo carrito
[2021-11-18 01:35:24] [ ERROR] [ProductosService:212] java.lang.NullPointerExceptionError Exportar Excel
[2021-11-18 18:03:52] [ INFO ] [MainController:73] Nuevo carrito
[2021-11-18 18:08:14] [ INFO ] [MainController:73] Nuevo carrito
[2021-11-18 18:09:16] [ INFO ] [MainController:73] Nuevo carrito
[2021-11-18 18:09:27] [ INFO ] [MainController:73] Nuevo carrito
[2021-11-18 19:04:23] [ INFO ] [MainController:73] Nuevo carrito
[2021-11-18 19:19:25] [ INFO ] [MainController:73] Nuevo carrito
[2021-11-18 19:19:41] [ ERROR] [SendMail:83] javax.mail.AuthenticationFailedExceptionError Mensaje al enviar Email
[2021-11-18 19:21:16] [ INFO ] [MainController:73] Nuevo carrito
[2021-11-18 19:21:29] [ ERROR] [SendMail:83] javax.mail.AuthenticationFailedExceptionError Mensaje al enviar Email
[2021-11-18 19:33:41] [ INFO ] [MainController:73] Nuevo carrito
[2021-11-18 20:07:55] [ INFO ] [MainController:73] Nuevo carrito
[2021-11-18 20:08:09] [ INFO ] [MainController:73] Nuevo carrito
[2021-11-18 20:33:19] [ INFO ] [MainController:73] Nuevo carrito
[2021-11-18 20:33:29] [ INFO ] [MainController:73] Nuevo carrito
[2021-11-18 20:35:07] [ INFO ] [MainController:73] Nuevo carrito
[2021-11-18 20:35:20] [ INFO ] [MainController:73] Nuevo carrito
[2021-11-19 18:34:55] [ INFO ] [MainController:73] Nuevo carrito
[2021-11-19 18:36:38] [ INFO ] [MainController:73] Nuevo carrito
[2021-11-19 20:24:13] [ INFO ] [MainController:73] Nuevo carrito
[2021-11-19 20:24:24] [ INFO ] [MainController:73] Nuevo carrito
[2021-11-19 20:25:27] [ INFO ] [MainController:73] Nuevo carrito
[2021-11-19 20:25:29] [ INFO ] [MainController:73] Nuevo carrito
[2021-11-19 20:26:10] [ INFO ] [MainController:73] Nuevo carrito
[2021-11-19 20:26:14] [ INFO ] [MainController:73] Nuevo carrito
[2021-11-19 20:27:16] [ INFO ] [MainController:73] Nuevo carrito
[2021-11-19 20:42:16] [ ERROR] [ProductosService:212] java.lang.NullPointerExceptionError Exportar Excel
[2021-11-19 20:46:14] [ ERROR] [ProductosService:211] java.lang.NullPointerExceptionError Exportar Excel
[2021-11-19 20:47:23] [ ERROR] [ProductosService:211] java.lang.NullPointerExceptionError Exportar Excel
[2021-11-19 20:47:56] [ ERROR] [ProductosService:211] java.lang.NullPointerExceptionError Exportar Excel
[2021-11-20 14:12:29] [ INFO ] [MainController:73] Nuevo carrito
[2021-11-20 14:12:45] [ INFO ] [MainController:73] Nuevo carrito
[2021-11-20 14:14:17] [ INFO ] [MainController:73] Nuevo carrito
[2021-11-20 14:14:28] [ INFO ] [MainController:73] Nuevo carrito
[2021-11-20 14:22:45] [ INFO ] [MainController:73] Nuevo carrito
[2021-11-20 14:23:59] [ INFO ] [MainController:73] Nuevo carrito
[2021-11-20 14:24:04] [ INFO ] [MainController:73] Nuevo carrito
[2021-11-20 14:29:20] [ INFO ] [MainController:73] Nuevo carrito
[2021-11-20 14:30:37] [ INFO ] [MainController:73] Nuevo carrito
[2021-11-20 14:33:12] [ INFO ] [MainController:73] Nuevo carrito
[2021-11-20 14:41:23] [ INFO ] [MainController:73] Nuevo carrito
[2021-11-20 14:41:34] [ INFO ] [MainController:73] Nuevo carrito
[2021-11-20 15:19:58] [ INFO ] [MainController:73] Nuevo carrito
[2021-11-20 15:20:10] [ INFO ] [MainController:73] Nuevo carrito
[2021-11-20 15:21:50] [ INFO ] [MainController:73] Nuevo carrito
[2021-11-20 15:26:47] [ INFO ] [MainController:73] Nuevo carrito
[2021-11-20 15:26:58] [ INFO ] [MainController:73] Nuevo carrito
[2021-11-20 15:29:32] [ INFO ] [MainController:73] Nuevo carrito
[2021-11-20 15:29:50] [ INFO ] [MainController:73] Nuevo carrito
[2021-11-20 15:29:55] [ INFO ] [MainController:73] Nuevo carrito
[2021-11-20 15:31:10] [ INFO ] [MainController:73] Nuevo carrito
[2021-11-20 15:35:37] [ INFO ] [MainController:73] Nuevo carrito
[2021-11-20 15:35:49] [ INFO ] [MainController:73] Nuevo carrito
[2021-11-20 15:36:16] [ INFO ] [MainController:73] Nuevo carrito
[2021-11-20 16:33:51] [ INFO ] [MainController:73] Nuevo carrito
[2021-11-20 16:34:02] [ INFO ] [MainController:73] Nuevo carrito
[2021-11-20 16:38:05] [ INFO ] [MainController:73] Nuevo carrito
[2021-11-20 16:38:24] [ INFO ] [MainController:73] Nuevo carrito
[2021-11-20 16:45:16] [ INFO ] [MainController:73] Nuevo carrito
[2021-11-20 16:45:33] [ INFO ] [MainController:73] Nuevo carrito
[2021-11-20 17:04:13] [ INFO ] [MainController:73] Nuevo carrito
[2021-11-20 17:04:31] [ INFO ] [MainController:73] Nuevo carrito
[2021-11-20 17:05:13] [ INFO ] [MainController:73] Nuevo carrito
[2021-11-20 17:05:20] [ INFO ] [MainController:73] Nuevo carrito
[2021-11-20 17:05:32] [ INFO ] [MainController:73] Nuevo carrito
[2021-11-20 17:05:35] [ INFO ] [MainController:73] Nuevo carrito
[2021-11-20 17:05:49] [ INFO ] [MainController:73] Nuevo carrito
[2021-11-20 17:09:26] [ INFO ] [MainController:73] Nuevo carrito
[2021-11-20 17:09:37] [ INFO ] [MainController:73] Nuevo carrito
[2021-11-20 17:13:14] [ INFO ] [MainController:73] Nuevo carrito
[2021-11-20 17:13:26] [ INFO ] [MainController:73] Nuevo carrito
[2021-11-20 17:18:12] [ INFO ] [MainController:73] Nuevo carrito
[2021-11-20 17:18:25] [ INFO ] [MainController:73] Nuevo carrito
[2021-11-20 17:21:39] [ INFO ] [MainController:73] Nuevo carrito
[2021-11-20 17:22:03] [ INFO ] [MainController:73] Nuevo carrito
[2021-11-20 17:24:23] [ INFO ] [MainController:73] Nuevo carrito
[2021-11-20 17:24:33] [ INFO ] [MainController:73] Nuevo carrito
[2021-11-20 17:27:34] [ INFO ] [MainController:73] Nuevo carrito
[2021-11-20 17:27:49] [ INFO ] [MainController:73] Nuevo carrito
[2021-11-20 17:28:13] [ INFO ] [MainController:73] Nuevo carrito
[2021-11-20 17:34:43] [ INFO ] [MainController:73] Nuevo carrito
[2021-11-20 17:34:55] [ INFO ] [MainController:73] Nuevo carrito
[2021-11-20 17:38:05] [ INFO ] [MainController:73] Nuevo carrito
[2021-11-20 17:38:20] [ INFO ] [MainController:73] Nuevo carrito
[2021-11-20 17:44:09] [ INFO ] [MainController:73] Nuevo carrito
[2021-11-20 17:44:23] [ INFO ] [MainController:73] Nuevo carrito
[2021-11-20 17:45:23] [ INFO ] [MainController:73] Nuevo carrito
[2021-11-20 17:45:40] [ INFO ] [MainController:73] Nuevo carrito
[2021-11-20 17:47:36] [ INFO ] [MainController:73] Nuevo carrito
[2021-11-20 17:47:48] [ INFO ] [MainController:73] Nuevo carrito
[2021-11-20 17:50:28] [ INFO ] [MainController:73] Nuevo carrito
[2021-11-20 17:50:40] [ INFO ] [MainController:73] Nuevo carrito
[2021-11-20 17:52:02] [ INFO ] [MainController:73] Nuevo carrito
[2021-11-20 17:53:37] [ INFO ] [MainController:73] Nuevo carrito
[2021-11-20 17:53:57] [ INFO ] [MainController:73] Nuevo carrito
[2021-11-20 17:55:59] [ INFO ] [MainController:73] Nuevo carrito
[2021-11-20 17:56:12] [ INFO ] [MainController:73] Nuevo carrito
[2021-11-20 17:58:22] [ INFO ] [MainController:73] Nuevo carrito
[2021-11-20 17:58:43] [ INFO ] [MainController:73] Nuevo carrito
[2021-11-20 18:00:59] [ INFO ] [MainController:73] Nuevo carrito
[2021-11-20 18:01:17] [ INFO ] [MainController:73] Nuevo carrito
[2021-11-20 18:02:23] [ INFO ] [MainController:73] Nuevo carrito
[2021-11-20 18:02:27] [ INFO ] [MainController:73] Nuevo carrito
[2021-11-20 18:02:43] [ INFO ] [MainController:73] Nuevo carrito
[2021-11-20 18:03:21] [ INFO ] [MainController:73] Nuevo carrito
[2021-11-20 18:03:38] [ INFO ] [MainController:73] Nuevo carrito
[2021-11-20 18:07:00] [ INFO ] [MainController:73] Nuevo carrito
[2021-11-20 18:07:17] [ INFO ] [MainController:73] Nuevo carrito
[2021-11-20 18:09:29] [ INFO ] [MainController:73] Nuevo carrito
[2021-11-20 18:11:55] [ INFO ] [MainController:73] Nuevo carrito
[2021-11-20 18:12:18] [ INFO ] [MainController:73] Nuevo carrito
[2021-11-20 18:14:26] [ INFO ] [MainController:73] Nuevo carrito
[2021-11-20 18:15:24] [ INFO ] [MainController:73] Nuevo carrito
[2021-11-20 18:18:54] [ INFO ] [MainController:73] Nuevo carrito
[2021-11-20 18:19:09] [ INFO ] [MainController:73] Nuevo carrito
[2021-11-20 21:21:51] [ INFO ] [MainController:73] Nuevo carrito
[2021-11-20 21:22:06] [ INFO ] [MainController:73] Nuevo carrito
[2021-11-20 21:25:41] [ INFO ] [MainController:73] Nuevo carrito
[2021-11-20 21:28:00] [ INFO ] [MainController:73] Nuevo carrito
[2021-11-20 21:31:02] [ INFO ] [MainController:73] Nuevo carrito
[2021-11-20 21:31:12] [ INFO ] [MainController:73] Nuevo carrito
[2021-11-20 21:32:39] [ INFO ] [MainController:73] Nuevo carrito
[2021-11-20 21:32:51] [ INFO ] [MainController:73] Nuevo carrito
[2021-11-20 21:34:14] [ INFO ] [MainController:73] Nuevo carrito
[2021-11-20 21:34:26] [ INFO ] [MainController:73] Nuevo carrito
[2021-11-20 21:36:09] [ INFO ] [MainController:73] Nuevo carrito
[2021-11-20 21:36:25] [ INFO ] [MainController:73] Nuevo carrito
[2021-11-20 21:38:04] [ INFO ] [MainController:73] Nuevo carrito
[2021-11-20 21:38:16] [ INFO ] [MainController:73] Nuevo carrito
[2021-11-20 21:39:24] [ INFO ] [MainController:73] Nuevo carrito
[2021-11-20 21:39:35] [ INFO ] [MainController:73] Nuevo carrito
[2021-11-20 21:46:23] [ INFO ] [MainController:73] Nuevo carrito
[2021-11-20 21:46:34] [ INFO ] [MainController:73] Nuevo carrito
[2021-11-20 21:46:42] [ INFO ] [MainController:73] Nuevo carrito
[2021-11-20 21:46:49] [ INFO ] [MainController:73] Nuevo carrito
[2021-11-20 21:47:01] [ INFO ] [MainController:73] Nuevo carrito
[2021-11-20 21:51:19] [ INFO ] [MainController:73] Nuevo carrito
[2021-11-20 21:51:29] [ INFO ] [MainController:73] Nuevo carrito
[2021-11-20 21:51:48] [ INFO ] [MainController:73] Nuevo carrito
[2021-11-20 21:56:09] [ INFO ] [MainController:73] Nuevo carrito
[2021-11-20 21:56:20] [ INFO ] [MainController:73] Nuevo carrito
[2021-11-20 21:57:30] [ INFO ] [MainController:73] Nuevo carrito
[2021-11-20 21:57:40] [ INFO ] [MainController:73] Nuevo carrito
[2021-11-20 21:59:42] [ INFO ] [MainController:73] Nuevo carrito
[2021-11-20 22:00:20] [ INFO ] [MainController:73] Nuevo carrito
[2021-11-20 22:02:10] [ INFO ] [MainController:73] Nuevo carrito
[2021-11-20 22:02:22] [ INFO ] [MainController:73] Nuevo carrito
[2021-11-20 22:06:26] [ INFO ] [MainController:73] Nuevo carrito
[2021-11-20 22:06:43] [ INFO ] [MainController:73] Nuevo carrito
[2021-11-20 22:07:06] [ INFO ] [MainController:73] Nuevo carrito
[2021-11-20 22:08:30] [ INFO ] [MainController:73] Nuevo carrito
[2021-11-20 22:08:37] [ INFO ] [MainController:73] Nuevo carrito
[2021-11-20 22:08:48] [ INFO ] [MainController:73] Nuevo carrito
[2021-11-20 22:10:03] [ INFO ] [MainController:73] Nuevo carrito
[2021-11-20 22:19:07] [ INFO ] [MainController:73] Nuevo carrito
[2021-11-20 22:19:20] [ INFO ] [MainController:73] Nuevo carrito
[2021-11-20 22:20:52] [ INFO ] [MainController:73] Nuevo carrito
[2021-11-20 22:21:04] [ INFO ] [MainController:73] Nuevo carrito
[2021-11-20 22:21:12] [ INFO ] [MainController:73] Nuevo carrito
[2021-11-20 22:21:19] [ INFO ] [MainController:73] Nuevo carrito
[2021-11-20 22:21:41] [ INFO ] [MainController:73] Nuevo carrito
[2021-11-20 22:22:11] [ INFO ] [MainController:73] Nuevo carrito
[2021-11-20 22:22:22] [ INFO ] [MainController:73] Nuevo carrito
[2021-11-20 22:23:19] [ INFO ] [MainController:73] Nuevo carrito
[2021-11-20 22:54:03] [ INFO ] [MainController:73] Nuevo carrito
[2021-11-20 22:54:11] [ INFO ] [MainController:73] Nuevo carrito
[2021-11-20 22:54:24] [ INFO ] [MainController:73] Nuevo carrito
[2021-11-20 22:54:36] [ INFO ] [MainController:73] Nuevo carrito
[2021-11-20 22:54:45] [ INFO ] [MainController:73] Nuevo carrito
[2021-11-20 22:56:19] [ INFO ] [MainController:73] Nuevo carrito
[2021-11-20 22:56:30] [ INFO ] [MainController:73] Nuevo carrito
[2021-11-20 23:01:44] [ INFO ] [MainController:73] Nuevo carrito
[2021-11-20 23:01:53] [ INFO ] [MainController:73] Nuevo carrito
[2021-11-20 23:06:12] [ INFO ] [MainController:73] Nuevo carrito
[2021-11-20 23:11:59] [ INFO ] [MainController:73] Nuevo carrito
[2021-11-20 23:12:12] [ INFO ] [MainController:73] Nuevo carrito
[2021-11-20 23:17:16] [ INFO ] [MainController:73] Nuevo carrito
[2021-11-20 23:17:35] [ INFO ] [MainController:73] Nuevo carrito
[2021-11-20 23:21:51] [ INFO ] [MainController:73] Nuevo carrito
[2021-11-20 23:22:02] [ INFO ] [MainController:73] Nuevo carrito
[2021-11-20 23:24:09] [ INFO ] [MainController:73] Nuevo carrito
[2021-11-20 23:24:24] [ INFO ] [MainController:73] Nuevo carrito
[2021-11-20 23:26:56] [ INFO ] [MainController:73] Nuevo carrito
[2021-11-20 23:27:06] [ INFO ] [MainController:73] Nuevo carrito
[2021-11-20 23:29:22] [ INFO ] [MainController:73] Nuevo carrito
[2021-11-20 23:35:33] [ INFO ] [MainController:73] Nuevo carrito
[2021-11-20 23:35:55] [ INFO ] [MainController:73] Nuevo carrito
[2021-11-20 23:39:03] [ INFO ] [MainController:73] Nuevo carrito
[2021-11-20 23:39:05] [ INFO ] [MainController:73] Nuevo carrito
[2021-11-20 23:39:15] [ INFO ] [MainController:73] Nuevo carrito
[2021-11-20 23:41:12] [ INFO ] [MainController:73] Nuevo carrito
[2021-11-20 23:41:29] [ INFO ] [MainController:73] Nuevo carrito
[2021-11-20 23:46:26] [ INFO ] [MainController:73] Nuevo carrito
[2021-11-20 23:46:38] [ INFO ] [MainController:73] Nuevo carrito
[2021-11-20 23:49:16] [ INFO ] [MainController:73] Nuevo carrito
[2021-11-20 23:49:27] [ INFO ] [MainController:73] Nuevo carrito
[2021-11-20 23:51:45] [ INFO ] [MainController:73] Nuevo carrito
[2021-11-20 23:51:56] [ INFO ] [MainController:73] Nuevo carrito
[2021-11-20 23:52:50] [ INFO ] [MainController:73] Nuevo carrito
[2021-11-20 23:53:01] [ INFO ] [MainController:73] Nuevo carrito
[2021-11-20 23:53:13] [ INFO ] [MainController:73] Nuevo carrito
[2021-11-20 23:54:14] [ INFO ] [MainController:73] Nuevo carrito
[2021-11-20 23:54:19] [ INFO ] [MainController:73] Nuevo carrito
[2021-11-20 23:54:29] [ INFO ] [MainController:73] Nuevo carrito
[2021-11-20 23:54:42] [ INFO ] [MainController:73] Nuevo carrito
[2021-11-20 23:55:10] [ INFO ] [MainController:73] Nuevo carrito
[2021-11-20 23:55:22] [ INFO ] [MainController:73] Nuevo carrito
[2021-11-20 23:56:54] [ INFO ] [MainController:73] Nuevo carrito
[2021-11-20 23:57:04] [ INFO ] [MainController:73] Nuevo carrito
[2021-11-22 11:14:53] [ INFO ] [MainController:73] Nuevo carrito
[2021-11-22 11:15:19] [ INFO ] [MainController:73] Nuevo carrito
[2021-11-22 11:17:53] [ INFO ] [MainController:73] Nuevo carrito
[2021-11-22 11:18:51] [ INFO ] [MainController:73] Nuevo carrito
[2021-11-22 11:19:59] [ INFO ] [MainController:73] Nuevo carrito
[2021-11-22 11:20:20] [ INFO ] [MainController:73] Nuevo carrito
[2021-11-22 11:21:08] [ INFO ] [MainController:73] Nuevo carrito
[2021-11-22 11:25:34] [ INFO ] [MainController:73] Nuevo carrito
[2021-11-22 11:27:03] [ INFO ] [MainController:73] Nuevo carrito
[2021-11-22 11:27:06] [ INFO ] [MainController:73] Nuevo carrito
[2021-11-22 11:27:21] [ INFO ] [MainController:73] Nuevo carrito
[2021-11-22 11:31:17] [ INFO ] [MainController:73] Nuevo carrito
[2021-11-22 11:31:29] [ INFO ] [MainController:73] Nuevo carrito
[2021-11-22 11:34:42] [ INFO ] [MainController:73] Nuevo carrito
[2021-11-22 11:35:24] [ INFO ] [MainController:73] Nuevo carrito
[2021-11-22 11:35:38] [ INFO ] [MainController:73] Nuevo carrito
[2021-11-22 11:35:50] [ INFO ] [MainController:73] Nuevo carrito
[2021-11-22 11:36:08] [ INFO ] [MainController:73] Nuevo carrito
[2021-11-22 11:37:55] [ INFO ] [MainController:73] Nuevo carrito
[2021-11-22 11:47:29] [ INFO ] [MainController:73] Nuevo carrito
[2021-11-22 11:57:44] [ INFO ] [MainController:73] Nuevo carrito
[2021-11-22 12:03:22] [ INFO ] [MainController:73] Nuevo carrito
[2021-11-22 12:03:28] [ INFO ] [MainController:73] Nuevo carrito
[2021-11-22 12:07:37] [ INFO ] [MainController:73] Nuevo carrito
[2021-11-22 12:08:14] [ INFO ] [MainController:73] Nuevo carrito
[2021-11-22 12:09:18] [ INFO ] [MainController:73] Nuevo carrito
[2021-11-22 12:16:41] [ INFO ] [MainController:73] Nuevo carrito
[2021-11-22 12:16:55] [ INFO ] [MainController:73] Nuevo carrito
[2021-11-22 12:19:50] [ INFO ] [MainController:73] Nuevo carrito
[2021-11-22 12:37:42] [ INFO ] [MainController:73] Nuevo carrito
[2021-11-22 12:49:47] [ INFO ] [MainController:73] Nuevo carrito
[2021-11-22 12:49:57] [ INFO ] [MainController:73] Nuevo carrito
[2021-11-22 12:50:49] [ INFO ] [MainController:73] Nuevo carrito
[2021-11-22 12:54:22] [ ERROR] [ProductosService:238] java.lang.NullPointerExceptionError Exportar Excel
[2021-11-22 13:05:12] [ INFO ] [MainController:73] Nuevo carrito
[2021-11-22 13:05:26] [ INFO ] [MainController:73] Nuevo carrito
[2021-11-22 13:08:18] [ INFO ] [MainController:73] Nuevo carrito
[2021-11-22 13:17:06] [ INFO ] [MainController:73] Nuevo carrito
[2021-11-22 13:17:16] [ INFO ] [MainController:73] Nuevo carrito
[2021-11-22 13:18:28] [ INFO ] [MainController:73] Nuevo carrito
[2021-11-22 13:24:22] [ INFO ] [MainController:73] Nuevo carrito
[2021-11-22 13:24:35] [ INFO ] [MainController:73] Nuevo carrito
[2021-11-22 13:33:02] [ INFO ] [MainController:73] Nuevo carrito
[2021-11-22 13:33:04] [ INFO ] [MainController:73] Nuevo carrito
[2021-11-22 13:33:17] [ INFO ] [MainController:73] Nuevo carrito
[2021-11-22 13:37:43] [ INFO ] [MainController:73] Nuevo carrito
[2021-11-22 13:38:17] [ INFO ] [MainController:73] Nuevo carrito
[2021-11-22 13:43:49] [ INFO ] [MainController:73] Nuevo carrito
[2021-11-22 13:46:59] [ INFO ] [MainController:73] Nuevo carrito
[2021-11-22 13:49:38] [ INFO ] [MainController:73] Nuevo carrito
[2021-11-22 13:58:14] [ INFO ] [MainController:73] Nuevo carrito
[2021-11-22 14:00:04] [ INFO ] [MainController:73] Nuevo carrito
[2021-11-22 14:09:28] [ INFO ] [MainController:73] Nuevo carrito
[2021-11-22 14:16:17] [ INFO ] [MainController:73] Nuevo carrito
[2021-11-22 14:18:04] [ INFO ] [MainController:73] Nuevo carrito
[2021-11-22 14:25:05] [ INFO ] [MainController:73] Nuevo carrito
[2021-11-22 14:25:14] [ INFO ] [MainController:73] Nuevo carrito
[2021-11-22 14:27:14] [ INFO ] [MainController:73] Nuevo carrito
[2021-11-22 14:28:09] [ INFO ] [MainController:73] Nuevo carrito
[2021-11-22 14:29:59] [ INFO ] [MainController:73] Nuevo carrito
[2021-11-22 14:30:17] [ INFO ] [MainController:73] Nuevo carrito
[2021-11-22 14:30:25] [ INFO ] [MainController:73] Nuevo carrito
[2021-11-22 14:33:24] [ INFO ] [MainController:73] Nuevo carrito
[2021-11-22 14:37:40] [ INFO ] [MainController:73] Nuevo carrito
[2021-11-22 14:42:13] [ INFO ] [MainController:73] Nuevo carrito
[2021-11-22 14:43:37] [ INFO ] [MainController:73] Nuevo carrito
[2021-11-22 14:43:42] [ INFO ] [MainController:73] Nuevo carrito
[2021-11-22 14:54:08] [ INFO ] [MainController:73] Nuevo carrito
[2021-11-22 14:54:17] [ INFO ] [MainController:73] Nuevo carrito
[2021-11-22 14:57:37] [ INFO ] [MainController:73] Nuevo carrito
[2021-11-22 15:05:18] [ INFO ] [MainController:73] Nuevo carrito
[2021-11-22 15:05:30] [ INFO ] [MainController:73] Nuevo carrito
[2021-11-22 15:09:42] [ INFO ] [MainController:73] Nuevo carrito
[2021-11-22 15:09:54] [ INFO ] [MainController:73] Nuevo carrito
[2021-11-22 15:09:59] [ INFO ] [MainController:73] Nuevo carrito
[2021-11-22 15:47:38] [ INFO ] [MainController:73] Nuevo carrito
[2021-11-22 15:47:50] [ INFO ] [MainController:73] Nuevo carrito
[2021-11-22 16:25:35] [ INFO ] [MainController:73] Nuevo carrito
[2021-11-22 16:41:58] [ INFO ] [MainController:73] Nuevo carrito
[2021-11-22 16:42:10] [ INFO ] [MainController:73] Nuevo carrito
[2021-11-22 16:51:01] [ INFO ] [MainController:73] Nuevo carrito
[2021-11-22 17:12:38] [ INFO ] [MainController:73] Nuevo carrito
[2021-11-22 17:12:48] [ INFO ] [MainController:73] Nuevo carrito
[2021-11-22 17:15:44] [ INFO ] [MainController:73] Nuevo carrito
[2021-11-22 17:15:55] [ INFO ] [MainController:73] Nuevo carrito
[2021-11-22 17:18:27] [ INFO ] [MainController:73] Nuevo carrito
[2021-11-22 17:18:36] [ INFO ] [MainController:73] Nuevo carrito
[2021-11-22 17:20:05] [ INFO ] [MainController:73] Nuevo carrito
[2021-11-22 17:20:18] [ INFO ] [MainController:73] Nuevo carrito
[2021-11-22 17:22:17] [ INFO ] [MainController:73] Nuevo carrito
[2021-11-22 17:22:28] [ INFO ] [MainController:73] Nuevo carrito
[2021-11-22 17:24:02] [ INFO ] [MainController:73] Nuevo carrito
[2021-11-22 17:24:16] [ INFO ] [MainController:73] Nuevo carrito
[2021-11-22 17:27:57] [ INFO ] [MainController:73] Nuevo carrito
[2021-11-22 17:28:05] [ INFO ] [MainController:73] Nuevo carrito
[2021-11-22 17:28:22] [ INFO ] [MainController:73] Nuevo carrito
[2021-11-22 17:45:40] [ INFO ] [MainController:73] Nuevo carrito
[2021-11-22 17:45:55] [ INFO ] [MainController:73] Nuevo carrito
[2021-11-22 17:47:13] [ INFO ] [MainController:73] Nuevo carrito
[2021-11-22 17:47:29] [ INFO ] [MainController:73] Nuevo carrito
[2021-11-22 17:50:55] [ INFO ] [MainController:73] Nuevo carrito
[2021-11-22 17:51:24] [ INFO ] [MainController:73] Nuevo carrito
[2021-11-22 17:56:01] [ INFO ] [MainController:73] Nuevo carrito
[2021-11-22 17:56:17] [ INFO ] [MainController:73] Nuevo carrito
[2021-11-22 17:58:14] [ INFO ] [MainController:73] Nuevo carrito
[2021-11-22 17:58:36] [ INFO ] [MainController:73] Nuevo carrito
[2021-11-22 18:01:01] [ INFO ] [MainController:73] Nuevo carrito
[2021-11-22 18:01:14] [ INFO ] [MainController:73] Nuevo carrito
[2021-11-22 18:03:04] [ INFO ] [MainController:73] Nuevo carrito
[2021-11-22 18:04:02] [ INFO ] [MainController:73] Nuevo carrito
[2021-11-22 18:04:17] [ INFO ] [MainController:73] Nuevo carrito
[2021-11-22 18:05:48] [ INFO ] [MainController:73] Nuevo carrito
[2021-11-22 18:06:04] [ INFO ] [MainController:73] Nuevo carrito
[2021-11-22 18:09:08] [ INFO ] [MainController:73] Nuevo carrito
[2021-11-22 18:09:35] [ INFO ] [MainController:73] Nuevo carrito
[2021-11-22 18:13:42] [ INFO ] [MainController:73] Nuevo carrito
[2021-11-22 18:14:17] [ INFO ] [MainController:73] Nuevo carrito
[2021-11-22 18:18:49] [ INFO ] [MainController:73] Nuevo carrito
[2021-11-22 18:19:08] [ INFO ] [MainController:73] Nuevo carrito
[2021-11-22 18:22:03] [ INFO ] [MainController:73] Nuevo carrito
[2021-11-22 18:22:20] [ INFO ] [MainController:73] Nuevo carrito
[2021-11-22 18:23:14] [ INFO ] [MainController:73] Nuevo carrito
[2021-11-22 18:23:45] [ INFO ] [MainController:73] Nuevo carrito
[2021-11-22 20:27:41] [ INFO ] [MainController:73] Nuevo carrito
[2021-11-22 20:28:42] [ INFO ] [MainController:73] Nuevo carrito
[2021-11-22 20:28:55] [ INFO ] [MainController:73] Nuevo carrito
[2021-11-22 20:30:04] [ INFO ] [MainController:73] Nuevo carrito
[2021-11-22 20:30:15] [ INFO ] [MainController:73] Nuevo carrito
[2021-11-22 20:32:13] [ INFO ] [MainController:73] Nuevo carrito
[2021-11-22 20:36:30] [ INFO ] [MainController:73] Nuevo carrito
[2021-11-22 20:36:43] [ INFO ] [MainController:73] Nuevo carrito
[2021-11-22 20:37:52] [ INFO ] [MainController:73] Nuevo carrito
[2021-11-22 20:38:05] [ INFO ] [MainController:73] Nuevo carrito
[2021-11-22 20:41:06] [ INFO ] [MainController:73] Nuevo carrito
[2021-11-22 20:41:17] [ INFO ] [MainController:73] Nuevo carrito
[2021-11-22 20:44:48] [ INFO ] [MainController:73] Nuevo carrito
[2021-11-22 20:45:02] [ INFO ] [MainController:73] Nuevo carrito
[2021-11-22 21:02:33] [ INFO ] [MainController:73] Nuevo carrito
[2021-11-22 21:06:34] [ INFO ] [MainController:73] Nuevo carrito
[2021-11-22 21:06:48] [ INFO ] [MainController:73] Nuevo carrito
[2021-11-22 21:08:21] [ INFO ] [MainController:73] Nuevo carrito
[2021-11-22 21:08:33] [ INFO ] [MainController:73] Nuevo carrito
[2021-11-22 21:26:04] [ INFO ] [MainController:73] Nuevo carrito
[2021-11-22 21:26:21] [ INFO ] [MainController:73] Nuevo carrito
[2021-11-22 21:27:18] [ INFO ] [MainController:73] Nuevo carrito
[2021-11-22 21:27:33] [ INFO ] [MainController:73] Nuevo carrito
[2021-11-22 21:30:35] [ INFO ] [MainController:73] Nuevo carrito
[2021-11-22 21:30:51] [ INFO ] [MainController:73] Nuevo carrito
[2021-11-22 21:33:28] [ INFO ] [MainController:73] Nuevo carrito
[2021-11-22 21:33:42] [ INFO ] [MainController:73] Nuevo carrito
[2021-11-22 21:35:17] [ INFO ] [MainController:73] Nuevo carrito
[2021-11-22 21:37:54] [ INFO ] [MainController:73] Nuevo carrito
[2021-11-22 21:39:20] [ INFO ] [MainController:73] Nuevo carrito
[2021-11-22 21:39:42] [ INFO ] [MainController:73] Nuevo carrito
[2021-11-22 21:41:51] [ INFO ] [MainController:73] Nuevo carrito
[2021-11-22 21:41:53] [ INFO ] [MainController:73] Nuevo carrito
[2021-11-22 21:42:15] [ INFO ] [MainController:73] Nuevo carrito
[2021-11-22 21:46:04] [ INFO ] [MainController:73] Nuevo carrito
[2021-11-22 21:47:15] [ INFO ] [MainController:73] Nuevo carrito
[2021-11-22 21:47:30] [ INFO ] [MainController:73] Nuevo carrito
[2021-11-22 21:48:26] [ INFO ] [MainController:73] Nuevo carrito
[2021-11-22 21:52:23] [ INFO ] [MainController:73] Nuevo carrito
[2021-11-22 21:55:15] [ INFO ] [MainController:73] Nuevo carrito
[2021-11-22 22:03:48] [ INFO ] [MainController:73] Nuevo carrito
[2021-11-22 22:04:04] [ INFO ] [MainController:73] Nuevo carrito
[2021-11-22 22:05:32] [ INFO ] [MainController:73] Nuevo carrito
[2021-11-22 22:06:39] [ INFO ] [MainController:73] Nuevo carrito
[2021-11-22 22:19:16] [ INFO ] [MainController:73] Nuevo carrito
[2021-11-22 22:19:58] [ INFO ] [MainController:73] Nuevo carrito
[2021-11-22 22:20:05] [ INFO ] [MainController:73] Nuevo carrito
[2021-11-22 22:22:13] [ INFO ] [MainController:73] Nuevo carrito
[2021-11-22 22:22:40] [ INFO ] [MainController:73] Nuevo carrito
[2021-11-22 22:23:21] [ INFO ] [MainController:73] Nuevo carrito
[2021-11-22 22:23:44] [ INFO ] [MainController:73] Nuevo carrito
[2021-11-22 22:23:59] [ INFO ] [MainController:73] Nuevo carrito
[2021-11-22 22:24:09] [ INFO ] [MainController:73] Nuevo carrito
[2021-11-22 22:24:30] [ INFO ] [MainController:73] Nuevo carrito
[2021-11-22 22:25:04] [ INFO ] [MainController:73] Nuevo carrito
[2021-11-22 22:25:15] [ INFO ] [MainController:73] Nuevo carrito
[2021-11-22 22:25:39] [ INFO ] [MainController:73] Nuevo carrito
[2021-11-22 22:28:00] [ INFO ] [MainController:73] Nuevo carrito
[2021-11-22 22:28:47] [ INFO ] [MainController:73] Nuevo carrito
[2021-11-22 22:29:07] [ INFO ] [MainController:73] Nuevo carrito
[2021-11-22 22:32:59] [ INFO ] [MainController:73] Nuevo carrito
[2021-11-22 22:54:17] [ INFO ] [MainController:73] Nuevo carrito
[2021-11-22 23:25:55] [ INFO ] [MainController:73] Nuevo carrito
[2021-11-22 23:47:13] [ INFO ] [MainController:73] Nuevo carrito
[2021-11-22 23:53:23] [ INFO ] [MainController:73] Nuevo carrito
[2021-11-23 00:06:04] [ INFO ] [MainController:73] Nuevo carrito
[2021-11-23 00:06:22] [ INFO ] [MainController:73] Nuevo carrito
[2021-11-23 00:09:12] [ INFO ] [MainController:73] Nuevo carrito
[2021-11-23 00:09:23] [ INFO ] [MainController:73] Nuevo carrito
[2021-11-23 00:12:58] [ INFO ] [MainController:73] Nuevo carrito
[2021-11-23 00:13:08] [ INFO ] [MainController:73] Nuevo carrito
[2021-11-23 00:16:30] [ INFO ] [MainController:73] Nuevo carrito
[2021-11-23 00:16:44] [ INFO ] [MainController:73] Nuevo carrito
[2021-11-23 00:22:13] [ INFO ] [MainController:73] Nuevo carrito
[2021-11-23 00:22:23] [ INFO ] [MainController:73] Nuevo carrito
[2021-11-23 00:24:56] [ INFO ] [MainController:73] Nuevo carrito
[2021-11-23 00:25:07] [ INFO ] [MainController:73] Nuevo carrito
[2021-11-23 00:28:40] [ INFO ] [MainController:73] Nuevo carrito
[2021-11-23 00:28:56] [ INFO ] [MainController:73] Nuevo carrito
[2021-11-23 00:33:53] [ INFO ] [MainController:73] Nuevo carrito
[2021-11-23 00:36:09] [ INFO ] [MainController:73] Nuevo carrito
[2021-11-23 00:37:59] [ INFO ] [MainController:73] Nuevo carrito
[2021-11-23 00:37:59] [ INFO ] [MainController:73] Nuevo carrito
[2021-11-23 00:38:13] [ INFO ] [MainController:73] Nuevo carrito
[2021-11-23 00:38:21] [ INFO ] [MainController:73] Nuevo carrito
[2021-11-23 00:39:32] [ INFO ] [MainController:73] Nuevo carrito
[2021-11-23 00:44:59] [ INFO ] [MainController:73] Nuevo carrito
[2021-11-23 00:46:26] [ INFO ] [MainController:73] Nuevo carrito
[2021-11-23 00:54:53] [ INFO ] [MainController:73] Nuevo carrito
[2021-11-23 00:56:51] [ INFO ] [MainController:73] Nuevo carrito
[2021-11-23 00:56:56] [ INFO ] [MainController:73] Nuevo carrito
[2021-11-23 00:57:06] [ INFO ] [MainController:73] Nuevo carrito
[2021-11-23 01:00:55] [ INFO ] [MainController:73] Nuevo carrito
[2021-11-23 01:01:21] [ INFO ] [MainController:73] Nuevo carrito
[2021-11-23 01:03:13] [ INFO ] [MainController:73] Nuevo carrito
[2021-11-23 01:05:02] [ INFO ] [MainController:73] Nuevo carrito
[2021-11-23 01:05:11] [ INFO ] [MainController:73] Nuevo carrito
[2021-11-23 01:05:59] [ INFO ] [MainController:73] Nuevo carrito
[2021-11-23 01:06:03] [ INFO ] [MainController:73] Nuevo carrito
[2021-11-23 01:06:06] [ INFO ] [MainController:73] Nuevo carrito
[2021-11-23 01:07:52] [ INFO ] [MainController:73] Nuevo carrito
[2021-11-23 01:08:11] [ INFO ] [MainController:73] Nuevo carrito
[2021-11-23 01:10:38] [ INFO ] [MainController:73] Nuevo carrito
[2021-11-23 01:11:07] [ INFO ] [MainController:73] Nuevo carrito
[2021-11-23 01:11:10] [ INFO ] [MainController:73] Nuevo carrito
[2021-11-23 01:48:30] [ INFO ] [MainController:73] Nuevo carrito
[2021-11-23 02:19:28] [ INFO ] [MainController:73] Nuevo carrito
[2021-11-23 02:23:22] [ INFO ] [MainController:73] Nuevo carrito
[2021-11-23 02:23:29] [ INFO ] [MainController:73] Nuevo carrito
[2021-11-23 02:26:57] [ INFO ] [MainController:73] Nuevo carrito
[2021-11-23 02:43:16] [ INFO ] [MainController:73] Nuevo carrito
[2021-11-23 02:45:27] [ INFO ] [MainController:73] Nuevo carrito
[2021-11-23 02:46:04] [ INFO ] [MainController:73] Nuevo carrito
[2021-11-23 03:00:58] [ INFO ] [MainController:73] Nuevo carrito
[2021-11-23 03:11:12] [ INFO ] [MainController:73] Nuevo carrito
[2021-11-23 03:12:44] [ INFO ] [MainController:73] Nuevo carrito
[2021-11-23 03:27:57] [ INFO ] [MainController:73] Nuevo carrito
[2021-11-23 03:33:58] [ INFO ] [MainController:73] Nuevo carrito
[2021-11-23 03:34:06] [ INFO ] [MainController:73] Nuevo carrito
[2021-11-23 03:36:27] [ INFO ] [MainController:73] Nuevo carrito
[2021-11-23 03:36:59] [ INFO ] [MainController:73] Nuevo carrito
[2021-11-23 03:37:25] [ INFO ] [MainController:73] Nuevo carrito
[2021-11-23 03:41:17] [ INFO ] [MainController:73] Nuevo carrito
[2021-11-23 03:42:02] [ INFO ] [MainController:73] Nuevo carrito
[2021-11-23 03:47:49] [ INFO ] [MainController:73] Nuevo carrito
[2021-11-23 03:48:15] [ INFO ] [MainController:73] Nuevo carrito
[2021-11-23 03:48:43] [ INFO ] [MainController:73] Nuevo carrito
[2021-11-23 03:52:06] [ INFO ] [MainController:73] Nuevo carrito
[2021-11-23 03:52:08] [ INFO ] [MainController:73] Nuevo carrito
[2021-11-23 03:52:13] [ INFO ] [MainController:73] Nuevo carrito
[2021-11-23 03:52:18] [ INFO ] [MainController:73] Nuevo carrito
[2021-11-23 03:53:55] [ INFO ] [MainController:73] Nuevo carrito
[2021-11-23 03:53:57] [ INFO ] [MainController:73] Nuevo carrito
[2021-11-23 04:03:23] [ INFO ] [MainController:73] Nuevo carrito
[2021-11-23 04:03:29] [ INFO ] [MainController:73] Nuevo carrito
[2021-11-23 04:10:41] [ INFO ] [MainController:73] Nuevo carrito
[2021-11-23 04:12:32] [ INFO ] [MainController:73] Nuevo carrito
[2021-11-23 04:14:31] [ INFO ] [MainController:73] Nuevo carrito
[2021-11-23 04:18:06] [ INFO ] [MainController:73] Nuevo carrito
[2021-11-23 04:18:08] [ INFO ] [MainController:73] Nuevo carrito
[2021-11-23 04:18:16] [ INFO ] [MainController:73] Nuevo carrito
[2021-11-23 04:18:22] [ INFO ] [MainController:73] Nuevo carrito
[2021-11-23 04:18:25] [ INFO ] [MainController:73] Nuevo carrito
[2021-11-23 04:18:28] [ INFO ] [MainController:73] Nuevo carrito
[2021-11-23 04:19:47] [ INFO ] [MainController:73] Nuevo carrito
[2021-11-23 04:29:44] [ INFO ] [MainController:73] Nuevo carrito
[2021-11-23 04:31:12] [ INFO ] [MainController:73] Nuevo carrito
[2021-11-23 04:40:35] [ INFO ] [MainController:73] Nuevo carrito
[2021-11-23 04:41:03] [ INFO ] [MainController:73] Nuevo carrito
[2021-11-23 04:41:05] [ INFO ] [MainController:73] Nuevo carrito
[2021-11-23 04:41:15] [ INFO ] [MainController:73] Nuevo carrito
[2021-11-23 04:41:20] [ INFO ] [MainController:73] Nuevo carrito
[2021-11-23 04:41:23] [ INFO ] [MainController:73] Nuevo carrito
[2021-11-23 04:41:26] [ INFO ] [MainController:73] Nuevo carrito
[2021-11-23 04:41:31] [ INFO ] [MainController:73] Nuevo carrito
[2021-11-23 04:41:41] [ INFO ] [MainController:73] Nuevo carrito
[2021-11-23 04:41:46] [ INFO ] [MainController:73] Nuevo carrito
[2021-11-23 04:41:50] [ INFO ] [MainController:73] Nuevo carrito
[2021-11-23 04:42:04] [ INFO ] [MainController:73] Nuevo carrito
[2021-11-23 04:42:10] [ INFO ] [MainController:73] Nuevo carrito
[2021-11-23 04:42:20] [ INFO ] [MainController:73] Nuevo carrito
[2021-11-23 04:42:25] [ INFO ] [MainController:73] Nuevo carrito
[2021-11-23 04:42:28] [ INFO ] [MainController:73] Nuevo carrito
[2021-11-23 04:42:31] [ INFO ] [MainController:73] Nuevo carrito
[2021-11-23 04:42:34] [ INFO ] [MainController:73] Nuevo carrito
[2021-11-23 04:42:44] [ INFO ] [MainController:73] Nuevo carrito
[2021-11-23 04:42:48] [ INFO ] [MainController:73] Nuevo carrito
[2021-11-23 04:42:51] [ INFO ] [MainController:73] Nuevo carrito
[2021-11-23 04:42:54] [ INFO ] [MainController:73] Nuevo carrito
[2021-11-23 04:43:05] [ INFO ] [MainController:73] Nuevo carrito
[2021-11-23 04:43:09] [ INFO ] [MainController:73] Nuevo carrito
[2021-11-23 04:44:15] [ INFO ] [MainController:73] Nuevo carrito
[2021-11-23 04:44:26] [ INFO ] [MainController:73] Nuevo carrito
[2021-11-23 04:44:30] [ INFO ] [MainController:73] Nuevo carrito
[2021-11-23 04:44:35] [ INFO ] [MainController:73] Nuevo carrito
[2021-11-23 04:44:40] [ INFO ] [MainController:73] Nuevo carrito
[2021-11-23 04:45:44] [ INFO ] [MainController:73] Nuevo carrito
[2021-11-23 04:45:56] [ INFO ] [MainController:73] Nuevo carrito
[2021-11-23 04:46:22] [ INFO ] [MainController:73] Nuevo carrito
[2021-11-23 08:12:49] [ INFO ] [MainController:73] Nuevo carrito
[2021-11-23 08:13:29] [ INFO ] [MainController:73] Nuevo carrito
[2021-11-23 08:13:31] [ INFO ] [MainController:73] Nuevo carrito
[2021-11-23 08:18:16] [ INFO ] [MainController:73] Nuevo carrito
[2021-11-23 08:19:17] [ INFO ] [MainController:73] Nuevo carrito
[2021-11-23 08:20:02] [ INFO ] [MainController:73] Nuevo carrito
[2021-11-23 08:20:11] [ INFO ] [MainController:73] Nuevo carrito
[2021-11-23 08:20:33] [ INFO ] [MainController:73] Nuevo carrito
[2021-11-23 08:21:30] [ INFO ] [MainController:73] Nuevo carrito
[2021-11-23 08:21:42] [ INFO ] [MainController:73] Nuevo carrito
[2021-11-23 08:24:52] [ INFO ] [MainController:73] Nuevo carrito
[2021-11-23 08:28:10] [ INFO ] [MainController:73] Nuevo carrito
[2021-11-23 08:30:02] [ INFO ] [MainController:73] Nuevo carrito
[2021-11-23 08:31:07] [ INFO ] [MainController:73] Nuevo carrito
[2021-11-23 08:31:09] [ INFO ] [MainController:73] Nuevo carrito
[2021-11-23 08:33:31] [ INFO ] [MainController:73] Nuevo carrito
[2021-11-23 08:35:55] [ INFO ] [MainController:73] Nuevo carrito
[2021-11-23 08:37:33] [ INFO ] [MainController:73] Nuevo carrito
[2021-11-23 08:37:37] [ INFO ] [MainController:73] Nuevo carrito
[2021-11-23 08:42:07] [ INFO ] [MainController:73] Nuevo carrito
[2021-11-23 08:57:46] [ INFO ] [MainController:73] Nuevo carrito
[2021-11-23 08:59:06] [ INFO ] [MainController:73] Nuevo carrito
[2021-11-23 08:59:16] [ INFO ] [MainController:73] Nuevo carrito
[2021-11-23 09:00:40] [ INFO ] [MainController:73] Nuevo carrito
[2021-11-23 09:02:50] [ INFO ] [MainController:73] Nuevo carrito
[2021-11-23 09:02:53] [ INFO ] [MainController:73] Nuevo carrito
[2021-11-23 09:03:10] [ INFO ] [MainController:73] Nuevo carrito
[2021-11-23 09:03:34] [ INFO ] [MainController:73] Nuevo carrito
[2021-11-23 09:03:37] [ INFO ] [MainController:73] Nuevo carrito
[2021-11-23 09:03:45] [ INFO ] [MainController:73] Nuevo carrito
[2021-11-23 09:04:27] [ INFO ] [MainController:73] Nuevo carrito
[2021-11-23 09:04:30] [ INFO ] [MainController:73] Nuevo carrito
[2021-11-23 09:04:46] [ INFO ] [MainController:73] Nuevo carrito
[2021-11-23 09:05:55] [ INFO ] [MainController:73] Nuevo carrito
[2021-11-23 09:06:29] [ INFO ] [MainController:73] Nuevo carrito
[2021-11-23 09:07:02] [ INFO ] [MainController:73] Nuevo carrito
[2021-11-23 09:07:22] [ INFO ] [MainController:73] Nuevo carrito
[2021-11-23 09:08:43] [ INFO ] [MainController:73] Nuevo carrito
[2021-11-23 09:08:57] [ INFO ] [MainController:73] Nuevo carrito
[2021-11-23 09:09:00] [ INFO ] [MainController:73] Nuevo carrito
[2021-11-23 09:09:12] [ INFO ] [MainController:73] Nuevo carrito
[2021-11-23 09:10:16] [ INFO ] [MainController:73] Nuevo carrito
[2021-11-23 09:13:02] [ INFO ] [MainController:73] Nuevo carrito
[2021-11-23 09:15:15] [ INFO ] [MainController:73] Nuevo carrito
[2021-11-23 09:21:28] [ INFO ] [MainController:73] Nuevo carrito
[2021-11-23 09:22:04] [ INFO ] [MainController:73] Nuevo carrito
[2021-11-23 09:46:00] [ INFO ] [MainController:73] Nuevo carrito
[2021-11-23 09:46:02] [ INFO ] [MainController:73] Nuevo carrito
[2021-11-23 09:46:16] [ INFO ] [MainController:73] Nuevo carrito
[2021-11-23 10:03:04] [ INFO ] [MainController:73] Nuevo carrito
[2021-11-23 10:14:46] [ INFO ] [MainController:73] Nuevo carrito
[2021-11-23 10:15:11] [ INFO ] [MainController:73] Nuevo carrito
[2021-11-23 10:15:19] [ INFO ] [MainController:73] Nuevo carrito
[2021-11-23 10:15:22] [ INFO ] [MainController:73] Nuevo carrito
[2021-11-23 10:15:34] [ INFO ] [MainController:73] Nuevo carrito
[2021-11-23 10:16:10] [ INFO ] [MainController:73] Nuevo carrito
[2021-11-23 10:16:33] [ INFO ] [MainController:73] Nuevo carrito
[2021-11-23 10:19:36] [ INFO ] [MainController:73] Nuevo carrito
[2021-11-23 10:19:43] [ INFO ] [MainController:73] Nuevo carrito
[2021-12-07 08:42:12] [ INFO ] [MainController:73] Nuevo carrito
[2021-12-07 08:42:43] [ INFO ] [MainController:73] Nuevo carrito
[2021-12-07 09:12:27] [ INFO ] [MainController:73] Nuevo carrito
[2021-12-07 09:21:51] [ INFO ] [MainController:73] Nuevo carrito
[2021-12-07 09:23:06] [ INFO ] [MainController:73] Nuevo carrito
[2021-12-07 09:23:21] [ INFO ] [MainController:73] Nuevo carrito
[2021-12-07 09:30:17] [ INFO ] [MainController:73] Nuevo carrito
[2021-12-07 09:36:09] [ INFO ] [MainController:73] Nuevo carrito
[2021-12-07 09:40:25] [ INFO ] [MainController:73] Nuevo carrito
[2021-12-07 09:50:17] [ INFO ] [MainController:73] Nuevo carrito
[2021-12-07 09:50:35] [ INFO ] [MainController:73] Nuevo carrito
[2021-12-07 09:52:59] [ INFO ] [MainController:73] Nuevo carrito
[2021-12-07 09:54:43] [ INFO ] [MainController:73] Nuevo carrito
[2021-12-07 09:56:58] [ INFO ] [MainController:73] Nuevo carrito
[2021-12-07 09:57:02] [ INFO ] [MainController:73] Nuevo carrito
[2021-12-07 09:57:05] [ INFO ] [MainController:73] Nuevo carrito
[2021-12-07 09:57:08] [ INFO ] [MainController:73] Nuevo carrito
[2021-12-07 09:57:22] [ INFO ] [MainController:73] Nuevo carrito
[2021-12-07 10:13:42] [ INFO ] [MainController:73] Nuevo carrito
[2021-12-07 10:25:17] [ INFO ] [MainController:73] Nuevo carrito
[2021-12-07 11:23:24] [ INFO ] [MainController:73] Nuevo carrito
[2021-12-07 11:25:17] [ INFO ] [MainController:73] Nuevo carrito
[2021-12-07 11:33:15] [ INFO ] [MainController:73] Nuevo carrito
[2021-12-07 11:34:54] [ INFO ] [MainController:73] Nuevo carrito
[2021-12-07 12:00:57] [ INFO ] [MainController:73] Nuevo carrito
[2021-12-07 12:03:23] [ INFO ] [MainController:73] Nuevo carrito
[2021-12-07 12:19:23] [ INFO ] [MainController:73] Nuevo carrito
[2021-12-07 12:21:12] [ INFO ] [MainController:73] Nuevo carrito
[2021-12-07 14:23:03] [ INFO ] [MainController:73] Nuevo carrito
[2021-12-07 14:23:06] [ INFO ] [MainController:73] Nuevo carrito
[2021-12-07 14:39:20] [ ERROR] [ProductosController:330] java.io.FileNotFoundException: ficheros/nueva.xls (No such file or directory)Error importando excel de productos
[2021-12-07 14:50:01] [ INFO ] [MainController:73] Nuevo carrito
[2021-12-07 15:07:32] [ INFO ] [MainController:73] Nuevo carrito
[2021-12-07 15:36:58] [ INFO ] [MainController:73] Nuevo carrito
[2021-12-07 15:41:45] [ INFO ] [MainController:73] Nuevo carrito
[2021-12-07 15:49:01] [ INFO ] [MainController:73] Nuevo carrito
[2021-12-07 15:50:43] [ INFO ] [MainController:73] Nuevo carrito
[2021-12-07 15:54:05] [ INFO ] [MainController:73] Nuevo carrito
[2021-12-09 08:17:49] [ INFO ] [MainController:73] Nuevo carrito
[2021-12-09 08:18:06] [ INFO ] [MainController:73] Nuevo carrito
[2021-12-09 08:18:09] [ INFO ] [MainController:73] Nuevo carrito
[2021-12-09 08:18:33] [ INFO ] [MainController:73] Nuevo carrito
[2021-12-09 08:18:57] [ INFO ] [MainController:73] Nuevo carrito
[2021-12-09 08:19:23] [ INFO ] [MainController:73] Nuevo carrito
[2021-12-09 08:19:51] [ INFO ] [MainController:73] Nuevo carrito
[2021-12-09 08:19:55] [ INFO ] [MainController:73] Nuevo carrito
[2021-12-09 08:20:00] [ INFO ] [MainController:73] Nuevo carrito
[2021-12-09 08:21:40] [ ERROR] [SendMail:83] javax.mail.MessagingException: Could not connect to SMTP host: smtp.gmail.com, port: 587;
  nested exception is:
	java.net.ConnectException: Operation timed out (Connection timed out)Error Mensaje al enviar Email
[2021-12-09 08:21:47] [ INFO ] [MainController:73] Nuevo carrito
[2021-12-09 08:22:03] [ INFO ] [MainController:73] Nuevo carrito
[2021-12-26 13:02:06] [ INFO ] [MainController:73] Nuevo carrito
[2021-12-26 13:02:09] [ INFO ] [MainController:73] Nuevo carrito
[2021-12-26 13:06:11] [ INFO ] [MainController:73] Nuevo carrito
[2021-12-26 13:08:44] [ INFO ] [MainController:73] Nuevo carrito
[2022-01-04 14:57:59] [ INFO ] [MainController:73] Nuevo carrito
[2022-01-04 14:58:09] [ INFO ] [MainController:73] Nuevo carrito
[2022-01-04 15:01:20] [ INFO ] [MainController:73] Nuevo carrito
[2022-01-04 15:10:18] [ INFO ] [MainController:73] Nuevo carrito
[2022-01-04 15:13:38] [ INFO ] [MainController:73] Nuevo carrito
[2022-01-04 15:14:35] [ INFO ] [MainController:73] Nuevo carrito
[2022-01-04 15:14:53] [ INFO ] [MainController:73] Nuevo carrito
[2022-01-04 15:15:38] [ INFO ] [MainController:73] Nuevo carrito
[2022-01-04 15:16:12] [ INFO ] [MainController:73] Nuevo carrito
[2022-01-04 15:24:42] [ INFO ] [MainController:73] Nuevo carrito
[2022-01-04 15:26:19] [ INFO ] [MainController:73] Nuevo carrito
[2022-01-04 15:28:42] [ INFO ] [MainController:73] Nuevo carrito
[2022-01-04 15:31:24] [ INFO ] [MainController:73] Nuevo carrito
[2022-01-04 15:31:56] [ INFO ] [MainController:73] Nuevo carrito
[2022-01-04 15:33:12] [ INFO ] [MainController:73] Nuevo carrito
[2022-01-04 15:35:45] [ INFO ] [MainController:73] Nuevo carrito
[2022-01-04 15:35:50] [ INFO ] [MainController:73] Nuevo carrito
[2022-01-04 15:35:57] [ INFO ] [MainController:73] Nuevo carrito
[2022-01-04 15:36:35] [ INFO ] [MainController:73] Nuevo carrito
[2022-01-04 15:41:11] [ INFO ] [MainController:76] Nuevo carrito
[2022-01-04 15:41:18] [ INFO ] [MainController:76] Nuevo carrito
[2022-01-04 15:41:22] [ INFO ] [MainController:76] Nuevo carrito
[2022-01-04 15:43:48] [ INFO ] [MainController:76] Nuevo carrito
[2022-01-04 15:43:54] [ INFO ] [MainController:76] Nuevo carrito
[2022-01-04 15:44:19] [ INFO ] [MainController:76] Nuevo carrito
[2022-01-04 15:44:31] [ INFO ] [MainController:76] Nuevo carrito
[2022-01-04 15:46:06] [ INFO ] [MainController:76] Nuevo carrito
[2022-01-04 15:46:09] [ INFO ] [MainController:76] Nuevo carrito
[2022-01-04 16:03:19] [ INFO ] [MainController:76] Nuevo carrito
[2022-01-04 16:03:35] [ INFO ] [MainController:76] Nuevo carrito
[2022-01-04 16:08:06] [ INFO ] [MainController:76] Nuevo carrito
[2022-01-04 16:08:37] [ INFO ] [MainController:76] Nuevo carrito
[2022-01-04 16:17:22] [ INFO ] [MainController:76] Nuevo carrito
[2022-01-04 16:20:42] [ INFO ] [MainController:76] Nuevo carrito
[2022-01-04 16:20:56] [ INFO ] [MainController:76] Nuevo carrito
[2022-01-04 16:28:53] [ INFO ] [MainController:76] Nuevo carrito
[2022-01-04 16:29:04] [ INFO ] [MainController:76] Nuevo carrito
[2022-01-04 16:31:27] [ INFO ] [MainController:76] Nuevo carrito
[2022-01-04 16:34:24] [ INFO ] [MainController:76] Nuevo carrito
[2022-01-04 16:42:41] [ INFO ] [MainController:76] Nuevo carrito
[2022-01-04 20:05:04] [ INFO ] [MainController:76] Nuevo carrito
[2022-01-04 20:05:08] [ INFO ] [MainController:76] Nuevo carrito
[2022-01-04 20:05:29] [ INFO ] [MainController:76] Nuevo carrito
[2022-01-08 20:06:07] [ INFO ] [MainController:76] Nuevo carrito
[2022-01-09 05:18:00] [ INFO ] [MainController:76] Nuevo carrito
[2022-01-09 14:51:05] [ INFO ] [MainController:76] Nuevo carrito
[2022-01-09 14:51:51] [ INFO ] [MainController:76] Nuevo carrito
[2022-01-09 17:13:53] [ INFO ] [MainController:76] Nuevo carrito
[2022-01-09 17:14:06] [ INFO ] [MainController:76] Nuevo carrito
[2022-01-09 20:16:48] [ INFO ] [MainController:76] Nuevo carrito
[2022-01-09 20:18:00] [ INFO ] [MainController:76] Nuevo carrito
